Compiled bootstrap.min.js  (619ms)  (pid 4620)
Compiled bootstrap-responsive.min.css  (44ms)  (pid 4620)
Compiled bootstrap.min.css  (232ms)  (pid 4620)
Compiled jquery-ui.min.js  (38ms)  (pid 4620)
Compiled jquery.min.js  (50ms)  (pid 4620)
Compiled bootstrap-alerts-1.3.0.js  (29ms)  (pid 4620)
Compiled bootstrap-dropdown-1.3.0.js  (0ms)  (pid 4620)
Compiled bootstrap-modal-1.3.0.js  (1ms)  (pid 4620)
Compiled bootstrap-popover-1.3.0.js  (27ms)  (pid 4620)
Compiled bootstrap-scrollspy-1.3.0.js  (0ms)  (pid 4620)
Compiled bootstrap-tabs-1.3.0.js  (0ms)  (pid 4620)
Compiled bootstrap-twipsy-1.3.0.js  (1ms)  (pid 4620)
Compiled bootstrap-1.3.0.css  (1ms)  (pid 4620)
Compiled bootstrap-1.3.0.min.css  (27ms)  (pid 4620)
Compiled application.js  (22ms)  (pid 4620)
Compiled jquery.js  (27ms)  (pid 4620)
Compiled jquery_ujs.js  (27ms)  (pid 4620)
Compiled bootstrap.js  (41ms)  (pid 4620)
Compiled events.js  (841ms)  (pid 4620)
Compiled map.js  (19ms)  (pid 4620)
Compiled maps.js  (23ms)  (pid 4620)
Compiled application.css  (24ms)  (pid 4620)
Compiled bootstrap-responsive.css  (16ms)  (pid 4620)
Compiled bootstrap.css  (2ms)  (pid 4620)
